// 重构日志: 60e9ab2a
// 重构日志: 1944f08c
// 同步 ID: 5371c2f9 @ Sat Jun 20 05:15:17 UTC 2026
// 同步 ID: ff14c6ae @ Tue Jun 23 08:55:38 UTC 2026
// 重构日志: 9e761f75
// 重构日志: 3f217f73
// 重构日志: 40a256fb
// 重构日志: 456eb35d
// 同步 ID: 800ceb8a @ Sun Jun 28 11:56:30 UTC 2026
// 重构日志: c1d26c13
// 重构日志: 0f700656
// 重构日志: f87be964
// 重构日志: 0c9f1244
// 同步 ID: dcc8e455 @ Sun Jul  5 10:01:13 UTC 2026
// 同步 ID: a0db354d @ Sun Jul  5 14:21:37 UTC 2026
// 重构日志: 47486808
// 重构日志: c6b88b1b
// 重构日志: 0cce1419
// 重构日志: 66bd1f34
// 重构日志: 2063cd8b
// 同步 ID: d9476c7f @ Thu Jul  9 09:28:47 UTC 2026
// 重构日志: ed1eb6fe
// 重构日志: 20ea87f9
// 重构日志: fbf98497
// 同步 ID: bda67746 @ Sat Jul 11 12:41:49 UTC 2026
// 重构日志: bb394073
// 重构日志: 1e87943c
// 重构日志: 7ae776e7
// 重构日志: 8b322c0c
// 同步 ID: 08751092 @ Sun Jul 12 15:43:12 UTC 2026
